[2021-12-23 18:34:22] local.ERROR: The "C:\xampp\htdocs\github-projects\ecommerce-laravel\storage\framework/sessions" directory does not exist. {"exception":"[object] (Symfony\\Component\\Finder\\Exception\\DirectoryNotFoundException(code: 0): The \"C:\\xampp\\htdocs\\github-projects\\ecommerce-laravel\\storage\\framework/sessions\" directory does not exist. at /home/ivans/Documents/projects/github-projects/ecommerce-laravel/vendor/symfony/finder/Finder.php:590)
[stacktrace]
#0 /home/ivans/Documents/projects/github-projects/ecommerce-laravel/vendor/laravel/framework/src/Illuminate/Session/FileSessionHandler.php(104): Symfony\\Component\\Finder\\Finder->in()
#1 /home/ivans/Documents/projects/github-projects/ecommerce-laravel/vendor/laravel/framework/src/Illuminate/Session/Middleware/StartSession.php(178): Illuminate\\Session\\FileSessionHandler->gc()
#2 /home/ivans/Documents/projects/github-projects/ecommerce-laravel/vendor/laravel/framework/src/Illuminate/Session/Middleware/StartSession.php(119): Illuminate\\Session\\Middleware\\StartSession->collectGarbage()
#3 /home/ivans/Documents/projects/github-projects/ecommerce-laravel/vendor/laravel/framework/src/Illuminate/Session/Middleware/StartSession.php(64): Illuminate\\Session\\Middleware\\StartSession->handleStatefulRequest()
#4 /home/ivans/Documents/projects/github-projects/ecommerce-laravel/vendor/laravel/framework/src/Illuminate/Pipeline/Pipeline.php(167): Illuminate\\Session\\Middleware\\StartSession->handle()
#5 /home/ivans/Documents/projects/github-projects/ecommerce-laravel/vendor/laravel/framework/src/Illuminate/Cookie/Middleware/AddQueuedCookiesToResponse.php(37): Illuminate\\Pipeline\\Pipeline->Illuminate\\Pipeline\\{closure}()
#6 /home/ivans/Documents/projects/github-projects/ecommerce-laravel/vendor/laravel/framework/src/Illuminate/Pipeline/Pipeline.php(167): Illuminate\\Cookie\\Middleware\\AddQueuedCookiesToResponse->handle()
#7 /home/ivans/Documents/projects/github-projects/ecommerce-laravel/vendor/laravel/framework/src/Illuminate/Cookie/Middleware/EncryptCookies.php(67): Illuminate\\Pipeline\\Pipeline->Illuminate\\Pipeline\\{closure}()
#8 /home/ivans/Documents/projects/github-projects/ecommerce-laravel/vendor/laravel/framework/src/Illuminate/Pipeline/Pipeline.php(167): Illuminate\\Cookie\\Middleware\\EncryptCookies->handle()
#9 /home/ivans/Documents/projects/github-projects/ecommerce-laravel/vendor/laravel/framework/src/Illuminate/Pipeline/Pipeline.php(103): Illuminate\\Pipeline\\Pipeline->Illuminate\\Pipeline\\{closure}()
#10 /home/ivans/Documents/projects/github-projects/ecommerce-laravel/vendor/laravel/framework/src/Illuminate/Routing/Router.php(697): Illuminate\\Pipeline\\Pipeline->then()
#11 /home/ivans/Documents/projects/github-projects/ecommerce-laravel/vendor/laravel/framework/src/Illuminate/Routing/Router.php(672): Illuminate\\Routing\\Router->runRouteWithinStack()
#12 /home/ivans/Documents/projects/github-projects/ecommerce-laravel/vendor/laravel/framework/src/Illuminate/Routing/Router.php(636): Illuminate\\Routing\\Router->runRoute()
#13 /home/ivans/Documents/projects/github-projects/ecommerce-laravel/vendor/laravel/framework/src/Illuminate/Routing/Router.php(625): Illuminate\\Routing\\Router->dispatchToRoute()
#14 /home/ivans/Documents/projects/github-projects/ecommerce-laravel/vendor/laravel/framework/src/Illuminate/Foundation/Http/Kernel.php(166): Illuminate\\Routing\\Router->dispatch()
#15 /home/ivans/Documents/projects/github-projects/ecommerce-laravel/vendor/laravel/framework/src/Illuminate/Pipeline/Pipeline.php(128): Illuminate\\Foundation\\Http\\Kernel->Illuminate\\Foundation\\Http\\{closure}()
#16 /home/ivans/Documents/projects/github-projects/ecommerce-laravel/vendor/laravel/framework/src/Illuminate/Foundation/Http/Middleware/TransformsRequest.php(21): Illuminate\\Pipeline\\Pipeline->Illuminate\\Pipeline\\{closure}()
#17 /home/ivans/Documents/projects/github-projects/ecommerce-laravel/vendor/laravel/framework/src/Illuminate/Foundation/Http/Middleware/ConvertEmptyStringsToNull.php(31): Illuminate\\Foundation\\Http\\Middleware\\TransformsRequest->handle()
#18 /home/ivans/Documents/projects/github-projects/ecommerce-laravel/vendor/laravel/framework/src/Illuminate/Pipeline/Pipeline.php(167): Illuminate\\Foundation\\Http\\Middleware\\ConvertEmptyStringsToNull->handle()
#19 /home/ivans/Documents/projects/github-projects/ecommerce-laravel/vendor/laravel/framework/src/Illuminate/Foundation/Http/Middleware/TransformsRequest.php(21): Illuminate\\Pipeline\\Pipeline->Illuminate\\Pipeline\\{closure}()
#20 /home/ivans/Documents/projects/github-projects/ecommerce-laravel/vendor/laravel/framework/src/Illuminate/Foundation/Http/Middleware/TrimStrings.php(40): Illuminate\\Foundation\\Http\\Middleware\\TransformsRequest->handle()
#21 /home/ivans/Documents/projects/github-projects/ecommerce-laravel/vendor/laravel/framework/src/Illuminate/Pipeline/Pipeline.php(167): Illuminate\\Foundation\\Http\\Middleware\\TrimStrings->handle()
#22 /home/ivans/Documents/projects/github-projects/ecommerce-laravel/vendor/laravel/framework/src/Illuminate/Foundation/Http/Middleware/ValidatePostSize.php(27): Illuminate\\Pipeline\\Pipeline->Illuminate\\Pipeline\\{closure}()
#23 /home/ivans/Documents/projects/github-projects/ecommerce-laravel/vendor/laravel/framework/src/Illuminate/Pipeline/Pipeline.php(167): Illuminate\\Foundation\\Http\\Middleware\\ValidatePostSize->handle()
#24 /home/ivans/Documents/projects/github-projects/ecommerce-laravel/vendor/laravel/framework/src/Illuminate/Foundation/Http/Middleware/PreventRequestsDuringMaintenance.php(86): Illuminate\\Pipeline\\Pipeline->Illuminate\\Pipeline\\{closure}()
#25 /home/ivans/Documents/projects/github-projects/ecommerce-laravel/vendor/laravel/framework/src/Illuminate/Pipeline/Pipeline.php(167): Illuminate\\Foundation\\Http\\Middleware\\PreventRequestsDuringMaintenance->handle()
#26 /home/ivans/Documents/projects/github-projects/ecommerce-laravel/vendor/fruitcake/laravel-cors/src/HandleCors.php(38): Illuminate\\Pipeline\\Pipeline->Illuminate\\Pipeline\\{closure}()
#27 /home/ivans/Documents/projects/github-projects/ecommerce-laravel/vendor/laravel/framework/src/Illuminate/Pipeline/Pipeline.php(167): Fruitcake\\Cors\\HandleCors->handle()
#28 /home/ivans/Documents/projects/github-projects/ecommerce-laravel/vendor/fideloper/proxy/src/TrustProxies.php(57): Illuminate\\Pipeline\\Pipeline->Illuminate\\Pipeline\\{closure}()
#29 /home/ivans/Documents/projects/github-projects/ecommerce-laravel/vendor/laravel/framework/src/Illuminate/Pipeline/Pipeline.php(167): Fideloper\\Proxy\\TrustProxies->handle()
#30 /home/ivans/Documents/projects/github-projects/ecommerce-laravel/vendor/laravel/framework/src/Illuminate/Pipeline/Pipeline.php(103): Illuminate\\Pipeline\\Pipeline->Illuminate\\Pipeline\\{closure}()
#31 /home/ivans/Documents/projects/github-projects/ecommerce-laravel/vendor/laravel/framework/src/Illuminate/Foundation/Http/Kernel.php(141): Illuminate\\Pipeline\\Pipeline->then()
#32 /home/ivans/Documents/projects/github-projects/ecommerce-laravel/vendor/laravel/framework/src/Illuminate/Foundation/Http/Kernel.php(110): Illuminate\\Foundation\\Http\\Kernel->sendRequestThroughRouter()
#33 /home/ivans/Documents/projects/github-projects/ecommerce-laravel/public/index.php(52): Illuminate\\Foundation\\Http\\Kernel->handle()
#34 /home/ivans/Documents/projects/github-projects/ecommerce-laravel/server.php(21): require_once('/home/ivans/Doc...')
#35 {main}
"} 
[2021-12-23 18:34:22] local.ERROR: View [404] not found. {"exception":"[object] (InvalidArgumentException(code: 0): View [404] not found. at /home/ivans/Documents/projects/github-projects/ecommerce-laravel/vendor/laravel/framework/src/Illuminate/View/FileViewFinder.php:137)
[stacktrace]
#0 /home/ivans/Documents/projects/github-projects/ecommerce-laravel/vendor/laravel/framework/src/Illuminate/View/FileViewFinder.php(79): Illuminate\\View\\FileViewFinder->findInPaths()
#1 /home/ivans/Documents/projects/github-projects/ecommerce-laravel/vendor/laravel/framework/src/Illuminate/View/Factory.php(138): Illuminate\\View\\FileViewFinder->find()
#2 /home/ivans/Documents/projects/github-projects/ecommerce-laravel/vendor/laravel/framework/src/Illuminate/Routing/ResponseFactory.php(85): Illuminate\\View\\Factory->make()
#3 /home/ivans/Documents/projects/github-projects/ecommerce-laravel/app/Exceptions/Handler.php(64): Illuminate\\Routing\\ResponseFactory->view()
#4 /home/ivans/Documents/projects/github-projects/ecommerce-laravel/vendor/laravel/framework/src/Illuminate/Routing/Pipeline.php(51): App\\Exceptions\\Handler->render()
#5 /home/ivans/Documents/projects/github-projects/ecommerce-laravel/vendor/laravel/framework/src/Illuminate/Pipeline/Pipeline.php(130): Illuminate\\Routing\\Pipeline->handleException()
#6 /home/ivans/Documents/projects/github-projects/ecommerce-laravel/vendor/laravel/framework/src/Illuminate/Foundation/Http/Middleware/TransformsRequest.php(21): Illuminate\\Pipeline\\Pipeline->Illuminate\\Pipeline\\{closure}()
#7 /home/ivans/Documents/projects/github-projects/ecommerce-laravel/vendor/laravel/framework/src/Illuminate/Foundation/Http/Middleware/ConvertEmptyStringsToNull.php(31): Illuminate\\Foundation\\Http\\Middleware\\TransformsRequest->handle()
#8 /home/ivans/Documents/projects/github-projects/ecommerce-laravel/vendor/laravel/framework/src/Illuminate/Pipeline/Pipeline.php(167): Illuminate\\Foundation\\Http\\Middleware\\ConvertEmptyStringsToNull->handle()
#9 /home/ivans/Documents/projects/github-projects/ecommerce-laravel/vendor/laravel/framework/src/Illuminate/Foundation/Http/Middleware/TransformsRequest.php(21): Illuminate\\Pipeline\\Pipeline->Illuminate\\Pipeline\\{closure}()
#10 /home/ivans/Documents/projects/github-projects/ecommerce-laravel/vendor/laravel/framework/src/Illuminate/Foundation/Http/Middleware/TrimStrings.php(40): Illuminate\\Foundation\\Http\\Middleware\\TransformsRequest->handle()
#11 /home/ivans/Documents/projects/github-projects/ecommerce-laravel/vendor/laravel/framework/src/Illuminate/Pipeline/Pipeline.php(167): Illuminate\\Foundation\\Http\\Middleware\\TrimStrings->handle()
#12 /home/ivans/Documents/projects/github-projects/ecommerce-laravel/vendor/laravel/framework/src/Illuminate/Foundation/Http/Middleware/ValidatePostSize.php(27): Illuminate\\Pipeline\\Pipeline->Illuminate\\Pipeline\\{closure}()
#13 /home/ivans/Documents/projects/github-projects/ecommerce-laravel/vendor/laravel/framework/src/Illuminate/Pipeline/Pipeline.php(167): Illuminate\\Foundation\\Http\\Middleware\\ValidatePostSize->handle()
#14 /home/ivans/Documents/projects/github-projects/ecommerce-laravel/vendor/laravel/framework/src/Illuminate/Foundation/Http/Middleware/PreventRequestsDuringMaintenance.php(86): Illuminate\\Pipeline\\Pipeline->Illuminate\\Pipeline\\{closure}()
#15 /home/ivans/Documents/projects/github-projects/ecommerce-laravel/vendor/laravel/framework/src/Illuminate/Pipeline/Pipeline.php(167): Illuminate\\Foundation\\Http\\Middleware\\PreventRequestsDuringMaintenance->handle()
#16 /home/ivans/Documents/projects/github-projects/ecommerce-laravel/vendor/fruitcake/laravel-cors/src/HandleCors.php(38): Illuminate\\Pipeline\\Pipeline->Illuminate\\Pipeline\\{closure}()
#17 /home/ivans/Documents/projects/github-projects/ecommerce-laravel/vendor/laravel/framework/src/Illuminate/Pipeline/Pipeline.php(167): Fruitcake\\Cors\\HandleCors->handle()
#18 /home/ivans/Documents/projects/github-projects/ecommerce-laravel/vendor/fideloper/proxy/src/TrustProxies.php(57): Illuminate\\Pipeline\\Pipeline->Illuminate\\Pipeline\\{closure}()
#19 /home/ivans/Documents/projects/github-projects/ecommerce-laravel/vendor/laravel/framework/src/Illuminate/Pipeline/Pipeline.php(167): Fideloper\\Proxy\\TrustProxies->handle()
#20 /home/ivans/Documents/projects/github-projects/ecommerce-laravel/vendor/laravel/framework/src/Illuminate/Pipeline/Pipeline.php(103): Illuminate\\Pipeline\\Pipeline->Illuminate\\Pipeline\\{closure}()
#21 /home/ivans/Documents/projects/github-projects/ecommerce-laravel/vendor/laravel/framework/src/Illuminate/Foundation/Http/Kernel.php(141): Illuminate\\Pipeline\\Pipeline->then()
#22 /home/ivans/Documents/projects/github-projects/ecommerce-laravel/vendor/laravel/framework/src/Illuminate/Foundation/Http/Kernel.php(110): Illuminate\\Foundation\\Http\\Kernel->sendRequestThroughRouter()
#23 /home/ivans/Documents/projects/github-projects/ecommerce-laravel/public/index.php(52): Illuminate\\Foundation\\Http\\Kernel->handle()
#24 /home/ivans/Documents/projects/github-projects/ecommerce-laravel/server.php(21): require_once('/home/ivans/Doc...')
#25 {main}
"} 
